[1027/093834.991:ERROR:directory_reader_win.cc(43)] FindFirstFile: The system cannot find the path specified. (0x3)
[1027/181155.679:ERROR:process_reader_win.cc(123)] NtOpenThread: {Access Denied} A process has requested access to an object, but has not been granted those access rights. (0xc0000022)
[1027/181155.679:ERROR:process_reader_win.cc(123)] NtOpenThread: {Access Denied} A process has requested access to an object, but has not been granted those access rights. (0xc0000022)
[1027/181155.679:ERROR:exception_snapshot_win.cc(99)] thread ID 22188 not found in process
[1027/181155.679:ERROR:exception_snapshot_win.cc(99)] thread ID 21812 not found in process
[1027/181155.679:ERROR:process_reader_win.cc(123)] NtOpenThread: {Access Denied} A process has requested access to an object, but has not been granted those access rights. (0xc0000022)
[1027/181155.679:ERROR:exception_snapshot_win.cc(99)] thread ID 21748 not found in process
[1027/181155.679:ERROR:process_info.cc(329)] VirtualQueryEx: Access is denied. (0x5)
[1027/181155.679:ERROR:process_info.cc(556)] ReadMemoryInfo failed
[1027/181155.679:ERROR:scoped_process_suspend.cc(40)] NtResumeProcess: An attempt was made to access an exiting process. (0xc000010a)
[1027/181155.679:ERROR:scoped_process_suspend.cc(31)] NtSuspendProcess: An attempt was made to access an exiting process. (0xc000010a)
[1027/181155.679:ERROR:process_info.cc(118)] ReadProcessMemory bool __cdecl crashpad::(anonymous namespace)::ReadStruct(HANDLE, crashpad::WinVMAddress, T *) [T = crashpad::process_types::PEB<crashpad::process_types::internal::Traits64>]: Only part of a ReadProcessMemory or WriteProcessMemory request was completed. (0x12B)
[1027/181155.679:ERROR:process_info.cc(551)] ReadProcessData failed
[1027/181155.679:ERROR:process_reader_win.cc(123)] NtOpenThread: {Access Denied} A process has requested access to an object, but has not been granted those access rights. (0xc0000022)
[1027/181155.679:ERROR:exception_snapshot_win.cc(99)] thread ID 2276 not found in process
[1027/181155.694:ERROR:process_reader_win.cc(123)] NtOpenThread: {Access Denied} A process has requested access to an object, but has not been granted those access rights. (0xc0000022)
[1027/181155.694:ERROR:exception_snapshot_win.cc(99)] thread ID 12700 not found in process
[1027/181155.694:ERROR:process_info.cc(329)] VirtualQueryEx: Access is denied. (0x5)
[1027/181155.694:ERROR:process_info.cc(556)] ReadMemoryInfo failed
[1027/181155.694:ERROR:process_memory_win.cc(39)] Failed to initialize ProcessInfo.
[1027/181155.694:ERROR:scoped_process_suspend.cc(40)] NtResumeProcess: An attempt was made to access an exiting process. (0xc000010a)
[1027/181155.694:ERROR:process_reader_win.cc(123)] NtOpenThread: {Access Denied} A process has requested access to an object, but has not been granted those access rights. (0xc0000022)
[1027/181155.694:ERROR:exception_snapshot_win.cc(99)] thread ID 21096 not found in process
[1027/181155.710:ERROR:process_reader_win.cc(123)] NtOpenThread: {Access Denied} A process has requested access to an object, but has not been granted those access rights. (0xc0000022)
[1027/181155.710:ERROR:exception_snapshot_win.cc(99)] thread ID 3860 not found in process
